# JRE version: Java(TM) SE Runtime Environment (21.0.10+8) (build 21.0.10+8-LTS-217)
# Java VM: Java HotSpot(TM) 64-Bit Server VM (21.0.10+8-LTS-217, mixed mode, sharing, tiered, compressed oops, compressed class ptrs, g1 gc, windows-amd64)
GC Precious Log:
 CardTable entry size: 512
 Card Set container configuration: InlinePtr #cards 4 size 8 Array Of Cards #cards 16 size 48 Howl #buckets 8 coarsen threshold 3686 Howl Bitmap #cards 512 size 80 coarsen threshold 460 Card regions per heap region 1 cards per card region 4096
 CPUs: 16 total, 16 available
 Memory: 16044M
 Large Page Support: Disabled
 NUMA Support: Disabled
 Compressed Oops: Enabled (Zero based)
 Heap Region Size: 2M
 Heap Min Capacity: 8M
 Heap Initial Capacity: 252M
 Heap Max Capacity: 4012M
 Pre-touch: Disabled
 Parallel Workers: 13
 Concurrent Workers: 3
 Concurrent Refinement Workers: 13
 Periodic GC: Disabled
Heap:
 garbage-first heap   total 643072K, used 366468K [0x0000000705400000, 0x0000000800000000)
  region size 2048K, 12 young (24576K), 12 survivors (24576K)
 Metaspace       used 96471K, committed 97152K, reserved 1179648K
  class space    used 12188K, committed 12480K, reserved 1048576K
GC Heap History (20 events):
Event: 10.021 GC heap after
{Heap after GC invocations=31 (full 0):
 garbage-first heap   total 325632K, used 163880K [0x0000000705400000, 0x0000000800000000)
  region size 2048K, 7 young (14336K), 7 survivors (14336K)
 Metaspace       used 94213K, committed 94784K, reserved 1179648K
  class space    used 12023K, committed 12288K, reserved 1048576K
}
Event: 10.106 GC heap before
{Heap before GC invocations=31 (full 0):
 garbage-first heap   total 325632K, used 251944K [0x0000000705400000, 0x0000000800000000)
  region size 2048K, 51 young (104448K), 7 survivors (14336K)
 Metaspace       used 94213K, committed 94784K, reserved 1179648K
  class space    used 12023K, committed 12288K, reserved 1048576K
}
Event: 10.124 GC heap after
{Heap after GC invocations=32 (full 0):
 garbage-first heap   total 325632K, used 195710K [0x0000000705400000, 0x0000000800000000)
  region size 2048K, 7 young (14336K), 7 survivors (14336K)
 Metaspace       used 94213K, committed 94784K, reserved 1179648K
  class space    used 12023K, committed 12288K, reserved 1048576K
}
Event: 10.270 GC heap before
{Heap before GC invocations=33 (full 0):
 garbage-first heap   total 325632K, used 246910K [0x0000000705400000, 0x0000000800000000)
  region size 2048K, 43 young (88064K), 7 survivors (14336K)
 Metaspace       used 94405K, committed 95040K, reserved 1179648K
  class space    used 12029K, committed 12352K, reserved 1048576K
}
Event: 10.275 GC heap after
{Heap after GC invocations=34 (full 0):
 garbage-first heap   total 325632K, used 177273K [0x0000000705400000, 0x0000000800000000)
  region size 2048K, 2 young (4096K), 2 survivors (4096K)
 Metaspace       used 94405K, committed 95040K, reserved 1179648K
  class space    used 12029K, committed 12352K, reserved 1048576K
}
Event: 10.551 GC heap before
{Heap before GC invocations=34 (full 0):
 garbage-first heap   total 325632K, used 269433K [0x0000000705400000, 0x0000000800000000)
  region size 2048K, 47 young (96256K), 2 survivors (4096K)
 Metaspace       used 95204K, committed 95872K, reserved 1179648K
  class space    used 12052K, committed 12352K, reserved 1048576K
}
Event: 10.553 GC heap after
{Heap after GC invocations=35 (full 0):
 garbage-first heap   total 325632K, used 150004K [0x0000000705400000, 0x0000000800000000)
  region size 2048K, 4 young (8192K), 4 survivors (8192K)
 Metaspace       used 95204K, committed 95872K, reserved 1179648K
  class space    used 12052K, committed 12352K, reserved 1048576K
}
Event: 10.818 GC heap before
{Heap before GC invocations=35 (full 0):
 garbage-first heap   total 325632K, used 260596K [0x0000000705400000, 0x0000000800000000)
  region size 2048K, 58 young (118784K), 4 survivors (8192K)
 Metaspace       used 96141K, committed 96832K, reserved 1179648K
  class space    used 12178K, committed 12480K, reserved 1048576K
}
Event: 10.827 GC heap after
{Heap after GC invocations=36 (full 0):
 garbage-first heap   total 325632K, used 158800K [0x0000000705400000, 0x0000000800000000)
  region size 2048K, 8 young (16384K), 8 survivors (16384K)
 Metaspace       used 96141K, committed 96832K, reserved 1179648K
  class space    used 12178K, committed 12480K, reserved 1048576K
}
Event: 10.880 GC heap before
{Heap before GC invocations=36 (full 0):
 garbage-first heap   total 325632K, used 214096K [0x0000000705400000, 0x0000000800000000)
  region size 2048K, 36 young (73728K), 8 survivors (16384K)
 Metaspace       used 96141K, committed 96832K, reserved 1179648K
  class space    used 12178K, committed 12480K, reserved 1048576K
}
Event: 10.893 GC heap after
{Heap after GC invocations=37 (full 0):
 garbage-first heap   total 643072K, used 179839K [0x0000000705400000, 0x0000000800000000)
  region size 2048K, 8 young (16384K), 8 survivors (16384K)
 Metaspace       used 96141K, committed 96832K, reserved 1179648K
  class space    used 12178K, committed 12480K, reserved 1048576K
}
Event: 11.208 GC heap before
{Heap before GC invocations=37 (full 0):
 garbage-first heap   total 643072K, used 448127K [0x0000000705400000, 0x0000000800000000)
  region size 2048K, 137 young (280576K), 8 survivors (16384K)
 Metaspace       used 96142K, committed 96832K, reserved 1179648K
  class space    used 12178K, committed 12480K, reserved 1048576K
}
Event: 11.258 GC heap after
{Heap after GC invocations=38 (full 0):
 garbage-first heap   total 643072K, used 263286K [0x0000000705400000, 0x0000000800000000)
  region size 2048K, 18 young (36864K), 18 survivors (36864K)
 Metaspace       used 96142K, committed 96832K, reserved 1179648K
  class space    used 12178K, committed 12480K, reserved 1048576K
}
Event: 11.504 GC heap before
{Heap before GC invocations=38 (full 0):
 garbage-first heap   total 643072K, used 492662K [0x0000000705400000, 0x0000000800000000)
  region size 2048K, 128 young (262144K), 18 survivors (36864K)
 Metaspace       used 96151K, committed 96832K, reserved 1179648K
  class space    used 12178K, committed 12480K, reserved 1048576K
}
Event: 11.539 GC heap after
{Heap after GC invocations=39 (full 0):
 garbage-first heap   total 643072K, used 340675K [0x0000000705400000, 0x0000000800000000)
  region size 2048K, 16 young (32768K), 16 survivors (32768K)
 Metaspace       used 96151K, committed 96832K, reserved 1179648K
  class space    used 12178K, committed 12480K, reserved 1048576K
}
Event: 11.790 GC heap before
{Heap before GC invocations=39 (full 0):
 garbage-first heap   total 643072K, used 502467K [0x0000000705400000, 0x0000000800000000)
  region size 2048K, 95 young (194560K), 16 survivors (32768K)
 Metaspace       used 96368K, committed 97024K, reserved 1179648K
  class space    used 12186K, committed 12480K, reserved 1048576K
}
Event: 11.807 GC heap after
{Heap after GC invocations=40 (full 0):
 garbage-first heap   total 643072K, used 355302K [0x0000000705400000, 0x0000000800000000)
  region size 2048K, 6 young (12288K), 6 survivors (12288K)
 Metaspace       used 96368K, committed 97024K, reserved 1179648K
  class space    used 12186K, committed 12480K, reserved 1048576K
}
Event: 11.989 GC heap before
{Heap before GC invocations=41 (full 0):
 garbage-first heap   total 643072K, used 482278K [0x0000000705400000, 0x0000000800000000)
  region size 2048K, 88 young (180224K), 6 survivors (12288K)
 Metaspace       used 96471K, committed 97152K, reserved 1179648K
  class space    used 12188K, committed 12480K, reserved 1048576K
}
Event: 12.004 GC heap after
{Heap after GC invocations=42 (full 0):
 garbage-first heap   total 643072K, used 356352K [0x0000000705400000, 0x0000000800000000)
  region size 2048K, 11 young (22528K), 11 survivors (22528K)
 Metaspace       used 96471K, committed 97152K, reserved 1179648K
  class space    used 12188K, committed 12480K, reserved 1048576K
}
Event: 12.168 GC heap before
{Heap before GC invocations=42 (full 0):
 garbage-first heap   total 643072K, used 526336K [0x0000000705400000, 0x0000000800000000)
  region size 2048K, 93 young (190464K), 11 survivors (22528K)
 Metaspace       used 96471K, committed 97152K, reserved 1179648K
  class space    used 12188K, committed 12480K, reserved 1048576K
}

