# JRE version: Java(TM) SE Runtime Environment (21.0.10+8) (build 21.0.10+8-LTS-217)
# Java VM: Java HotSpot(TM) 64-Bit Server VM (21.0.10+8-LTS-217, mixed mode, sharing, tiered, compressed oops, compressed class ptrs, g1 gc, windows-amd64)
GC Precious Log:
 CardTable entry size: 512
 Card Set container configuration: InlinePtr #cards 5 size 8 Array Of Cards #cards 12 size 40 Howl #buckets 4 coarsen threshold 1843 Howl Bitmap #cards 512 size 80 coarsen threshold 460 Card regions per heap region 1 cards per card region 2048
 CPUs: 16 total, 16 available
 Memory: 16044M
 Large Page Support: Disabled
 NUMA Support: Disabled
 Compressed Oops: Enabled (32-bit)
 Heap Region Size: 1M
 Heap Min Capacity: 64M
 Heap Initial Capacity: 64M
 Heap Max Capacity: 512M
 Pre-touch: Disabled
 Parallel Workers: 13
 Concurrent Workers: 3
 Concurrent Refinement Workers: 13
 Periodic GC: Disabled
Heap:
 garbage-first heap   total 91136K, used 56268K [0x00000000e0000000, 0x0000000100000000)
  region size 1024K, 4 young (4096K), 3 survivors (3072K)
 Metaspace       used 74440K, committed 75008K, reserved 1179648K
  class space    used 9162K, committed 9408K, reserved 1048576K
GC Heap History (20 events):
Event: 6.981 GC heap before
{Heap before GC invocations=12 (full 0):
 garbage-first heap   total 78848K, used 67156K [0x00000000e0000000, 0x0000000100000000)
  region size 1024K, 37 young (37888K), 4 survivors (4096K)
 Metaspace       used 39146K, committed 39488K, reserved 1114112K
  class space    used 4528K, committed 4672K, reserved 1048576K
}
Event: 6.995 GC heap after
{Heap after GC invocations=13 (full 0):
 garbage-first heap   total 78848K, used 35223K [0x00000000e0000000, 0x0000000100000000)
  region size 1024K, 4 young (4096K), 4 survivors (4096K)
 Metaspace       used 39146K, committed 39488K, reserved 1114112K
  class space    used 4528K, committed 4672K, reserved 1048576K
}
Event: 8.518 GC heap before
{Heap before GC invocations=13 (full 0):
 garbage-first heap   total 78848K, used 67991K [0x00000000e0000000, 0x0000000100000000)
  region size 1024K, 36 young (36864K), 4 survivors (4096K)
 Metaspace       used 41089K, committed 41536K, reserved 1114112K
  class space    used 4783K, committed 4992K, reserved 1048576K
}
Event: 8.541 GC heap after
{Heap after GC invocations=14 (full 0):
 garbage-first heap   total 78848K, used 37248K [0x00000000e0000000, 0x0000000100000000)
  region size 1024K, 5 young (5120K), 5 survivors (5120K)
 Metaspace       used 41089K, committed 41536K, reserved 1114112K
  class space    used 4783K, committed 4992K, reserved 1048576K
}
Event: 11.998 GC heap before
{Heap before GC invocations=14 (full 0):
 garbage-first heap   total 78848K, used 67968K [0x00000000e0000000, 0x0000000100000000)
  region size 1024K, 35 young (35840K), 5 survivors (5120K)
 Metaspace       used 45831K, committed 46336K, reserved 1114112K
  class space    used 5317K, committed 5568K, reserved 1048576K
}
Event: 12.023 GC heap after
{Heap after GC invocations=15 (full 0):
 garbage-first heap   total 78848K, used 40824K [0x00000000e0000000, 0x0000000100000000)
  region size 1024K, 4 young (4096K), 4 survivors (4096K)
 Metaspace       used 45831K, committed 46336K, reserved 1114112K
  class space    used 5317K, committed 5568K, reserved 1048576K
}
Event: 13.928 GC heap before
{Heap before GC invocations=15 (full 0):
 garbage-first heap   total 78848K, used 69496K [0x00000000e0000000, 0x0000000100000000)
  region size 1024K, 32 young (32768K), 4 survivors (4096K)
 Metaspace       used 51184K, committed 51712K, reserved 1114112K
  class space    used 6099K, committed 6336K, reserved 1048576K
}
Event: 13.943 GC heap after
{Heap after GC invocations=16 (full 0):
 garbage-first heap   total 78848K, used 42070K [0x00000000e0000000, 0x0000000100000000)
  region size 1024K, 2 young (2048K), 2 survivors (2048K)
 Metaspace       used 51184K, committed 51712K, reserved 1114112K
  class space    used 6099K, committed 6336K, reserved 1048576K
}
Event: 16.191 GC heap before
{Heap before GC invocations=17 (full 0):
 garbage-first heap   total 78848K, used 69718K [0x00000000e0000000, 0x0000000100000000)
  region size 1024K, 29 young (29696K), 2 survivors (2048K)
 Metaspace       used 61504K, committed 62080K, reserved 1114112K
  class space    used 7376K, committed 7616K, reserved 1048576K
}
Event: 16.201 GC heap after
{Heap after GC invocations=18 (full 0):
 garbage-first heap   total 78848K, used 44663K [0x00000000e0000000, 0x0000000100000000)
  region size 1024K, 4 young (4096K), 4 survivors (4096K)
 Metaspace       used 61504K, committed 62080K, reserved 1114112K
  class space    used 7376K, committed 7616K, reserved 1048576K
}
Event: 17.570 GC heap before
{Heap before GC invocations=18 (full 0):
 garbage-first heap   total 78848K, used 68215K [0x00000000e0000000, 0x0000000100000000)
  region size 1024K, 28 young (28672K), 4 survivors (4096K)
 Metaspace       used 65116K, committed 65664K, reserved 1114112K
  class space    used 7801K, committed 8064K, reserved 1048576K
}
Event: 17.590 GC heap after
{Heap after GC invocations=19 (full 0):
 garbage-first heap   total 78848K, used 47829K [0x00000000e0000000, 0x0000000100000000)
  region size 1024K, 4 young (4096K), 4 survivors (4096K)
 Metaspace       used 65116K, committed 65664K, reserved 1114112K
  class space    used 7801K, committed 8064K, reserved 1048576K
}
Event: 18.845 GC heap before
{Heap before GC invocations=19 (full 0):
 garbage-first heap   total 78848K, used 69333K [0x00000000e0000000, 0x0000000100000000)
  region size 1024K, 25 young (25600K), 4 survivors (4096K)
 Metaspace       used 66192K, committed 66752K, reserved 1114112K
  class space    used 7924K, committed 8192K, reserved 1048576K
}
Event: 18.867 GC heap after
{Heap after GC invocations=20 (full 0):
 garbage-first heap   total 78848K, used 53248K [0x00000000e0000000, 0x0000000100000000)
  region size 1024K, 4 young (4096K), 4 survivors (4096K)
 Metaspace       used 66192K, committed 66752K, reserved 1114112K
  class space    used 7924K, committed 8192K, reserved 1048576K
}
Event: 19.594 GC heap before
{Heap before GC invocations=21 (full 0):
 garbage-first heap   total 91136K, used 68608K [0x00000000e0000000, 0x0000000100000000)
  region size 1024K, 20 young (20480K), 4 survivors (4096K)
 Metaspace       used 67851K, committed 68352K, reserved 1114112K
  class space    used 8128K, committed 8384K, reserved 1048576K
}
Event: 19.607 GC heap after
{Heap after GC invocations=22 (full 0):
 garbage-first heap   total 91136K, used 54435K [0x00000000e0000000, 0x0000000100000000)
  region size 1024K, 1 young (1024K), 1 survivors (1024K)
 Metaspace       used 67851K, committed 68352K, reserved 1114112K
  class space    used 8128K, committed 8384K, reserved 1048576K
}
Event: 20.472 GC heap before
{Heap before GC invocations=22 (full 0):
 garbage-first heap   total 91136K, used 80035K [0x00000000e0000000, 0x0000000100000000)
  region size 1024K, 26 young (26624K), 1 survivors (1024K)
 Metaspace       used 67902K, committed 68416K, reserved 1114112K
  class space    used 8128K, committed 8384K, reserved 1048576K
}
Event: 20.479 GC heap after
{Heap after GC invocations=23 (full 0):
 garbage-first heap   total 91136K, used 55245K [0x00000000e0000000, 0x0000000100000000)
  region size 1024K, 2 young (2048K), 2 survivors (2048K)
 Metaspace       used 67902K, committed 68416K, reserved 1114112K
  class space    used 8128K, committed 8384K, reserved 1048576K
}
Event: 22.765 GC heap before
{Heap before GC invocations=23 (full 0):
 garbage-first heap   total 91136K, used 80845K [0x00000000e0000000, 0x0000000100000000)
  region size 1024K, 28 young (28672K), 2 survivors (2048K)
 Metaspace       used 74436K, committed 75008K, reserved 1179648K
  class space    used 9162K, committed 9408K, reserved 1048576K
}
Event: 22.777 GC heap after
{Heap after GC invocations=24 (full 0):
 garbage-first heap   total 91136K, used 56268K [0x00000000e0000000, 0x0000000100000000)
  region size 1024K, 3 young (3072K), 3 survivors (3072K)
 Metaspace       used 74436K, committed 75008K, reserved 1179648K
  class space    used 9162K, committed 9408K, reserved 1048576K
}

