# JRE version: Java(TM) SE Runtime Environment (21.0.10+8) (build 21.0.10+8-LTS-217)
# Java VM: Java HotSpot(TM) 64-Bit Server VM (21.0.10+8-LTS-217, mixed mode, sharing, tiered, compressed oops, compressed class ptrs, g1 gc, windows-amd64)
GC Precious Log:
 CardTable entry size: 512
 Card Set container configuration: InlinePtr #cards 5 size 8 Array Of Cards #cards 12 size 40 Howl #buckets 4 coarsen threshold 1843 Howl Bitmap #cards 512 size 80 coarsen threshold 460 Card regions per heap region 1 cards per card region 2048
 CPUs: 16 total, 16 available
 Memory: 16044M
 Large Page Support: Disabled
 NUMA Support: Disabled
 Compressed Oops: Enabled (32-bit)
 Heap Region Size: 1M
 Heap Min Capacity: 64M
 Heap Initial Capacity: 64M
 Heap Max Capacity: 512M
 Pre-touch: Disabled
 Parallel Workers: 13
 Concurrent Workers: 3
 Concurrent Refinement Workers: 13
 Periodic GC: Disabled
Heap:
 garbage-first heap   total 158720K, used 122880K [0x00000000e0000000, 0x0000000100000000)
  region size 1024K, 4 young (4096K), 4 survivors (4096K)
 Metaspace       used 93708K, committed 94336K, reserved 1179648K
  class space    used 11885K, committed 12160K, reserved 1048576K
GC Heap History (20 events):
Event: 9.193 GC heap after
{Heap after GC invocations=36 (full 0):
 garbage-first heap   total 116736K, used 58577K [0x00000000e0000000, 0x0000000100000000)
  region size 1024K, 4 young (4096K), 4 survivors (4096K)
 Metaspace       used 75837K, committed 76480K, reserved 1179648K
  class space    used 9284K, committed 9600K, reserved 1048576K
}
Event: 10.142 GC heap before
{Heap before GC invocations=37 (full 0):
 garbage-first heap   total 116736K, used 104657K [0x00000000e0000000, 0x0000000100000000)
  region size 1024K, 49 young (50176K), 4 survivors (4096K)
 Metaspace       used 82064K, committed 82688K, reserved 1179648K
  class space    used 10076K, committed 10368K, reserved 1048576K
}
Event: 10.152 GC heap after
{Heap after GC invocations=38 (full 0):
 garbage-first heap   total 116736K, used 64388K [0x00000000e0000000, 0x0000000100000000)
  region size 1024K, 7 young (7168K), 7 survivors (7168K)
 Metaspace       used 82064K, committed 82688K, reserved 1179648K
  class space    used 10076K, committed 10368K, reserved 1048576K
}
Event: 10.521 GC heap before
{Heap before GC invocations=38 (full 0):
 garbage-first heap   total 116736K, used 102276K [0x00000000e0000000, 0x0000000100000000)
  region size 1024K, 44 young (45056K), 7 survivors (7168K)
 Metaspace       used 84676K, committed 85376K, reserved 1179648K
  class space    used 10569K, committed 10880K, reserved 1048576K
}
Event: 10.534 GC heap after
{Heap after GC invocations=39 (full 0):
 garbage-first heap   total 116736K, used 68096K [0x00000000e0000000, 0x0000000100000000)
  region size 1024K, 4 young (4096K), 4 survivors (4096K)
 Metaspace       used 84676K, committed 85376K, reserved 1179648K
  class space    used 10569K, committed 10880K, reserved 1048576K
}
Event: 10.826 GC heap before
{Heap before GC invocations=39 (full 0):
 garbage-first heap   total 116736K, used 104960K [0x00000000e0000000, 0x0000000100000000)
  region size 1024K, 40 young (40960K), 4 survivors (4096K)
 Metaspace       used 86466K, committed 87168K, reserved 1179648K
  class space    used 10941K, committed 11264K, reserved 1048576K
}
Event: 10.831 GC heap after
{Heap after GC invocations=40 (full 0):
 garbage-first heap   total 116736K, used 69325K [0x00000000e0000000, 0x0000000100000000)
  region size 1024K, 3 young (3072K), 3 survivors (3072K)
 Metaspace       used 86466K, committed 87168K, reserved 1179648K
  class space    used 10941K, committed 11264K, reserved 1048576K
}
Event: 10.934 GC heap before
{Heap before GC invocations=41 (full 0):
 garbage-first heap   total 124928K, used 106189K [0x00000000e0000000, 0x0000000100000000)
  region size 1024K, 39 young (39936K), 3 survivors (3072K)
 Metaspace       used 86476K, committed 87168K, reserved 1179648K
  class space    used 10941K, committed 11264K, reserved 1048576K
}
Event: 10.940 GC heap after
{Heap after GC invocations=42 (full 0):
 garbage-first heap   total 124928K, used 73214K [0x00000000e0000000, 0x0000000100000000)
  region size 1024K, 5 young (5120K), 5 survivors (5120K)
 Metaspace       used 86476K, committed 87168K, reserved 1179648K
  class space    used 10941K, committed 11264K, reserved 1048576K
}
Event: 11.075 GC heap before
{Heap before GC invocations=42 (full 0):
 garbage-first heap   total 124928K, used 111102K [0x00000000e0000000, 0x0000000100000000)
  region size 1024K, 43 young (44032K), 5 survivors (5120K)
 Metaspace       used 87345K, committed 88000K, reserved 1179648K
  class space    used 11045K, committed 11328K, reserved 1048576K
}
Event: 11.077 GC heap after
{Heap after GC invocations=43 (full 0):
 garbage-first heap   total 124928K, used 68522K [0x00000000e0000000, 0x0000000100000000)
  region size 1024K, 1 young (1024K), 1 survivors (1024K)
 Metaspace       used 87345K, committed 88000K, reserved 1179648K
  class space    used 11045K, committed 11328K, reserved 1048576K
}
Event: 11.589 GC heap before
{Heap before GC invocations=43 (full 0):
 garbage-first heap   total 124928K, used 114602K [0x00000000e0000000, 0x0000000100000000)
  region size 1024K, 46 young (47104K), 1 survivors (1024K)
 Metaspace       used 93694K, committed 94336K, reserved 1179648K
  class space    used 11874K, committed 12160K, reserved 1048576K
}
Event: 11.597 GC heap after
{Heap after GC invocations=44 (full 0):
 garbage-first heap   total 124928K, used 74275K [0x00000000e0000000, 0x0000000100000000)
  region size 1024K, 6 young (6144K), 6 survivors (6144K)
 Metaspace       used 93694K, committed 94336K, reserved 1179648K
  class space    used 11874K, committed 12160K, reserved 1048576K
}
Event: 11.649 GC heap before
{Heap before GC invocations=45 (full 0):
 garbage-first heap   total 158720K, used 109091K [0x00000000e0000000, 0x0000000100000000)
  region size 1024K, 40 young (40960K), 6 survivors (6144K)
 Metaspace       used 93695K, committed 94336K, reserved 1179648K
  class space    used 11874K, committed 12160K, reserved 1048576K
}
Event: 11.660 GC heap after
{Heap after GC invocations=46 (full 0):
 garbage-first heap   total 158720K, used 83968K [0x00000000e0000000, 0x0000000100000000)
  region size 1024K, 5 young (5120K), 5 survivors (5120K)
 Metaspace       used 93695K, committed 94336K, reserved 1179648K
  class space    used 11874K, committed 12160K, reserved 1048576K
}
Event: 11.715 GC heap before
{Heap before GC invocations=46 (full 0):
 garbage-first heap   total 158720K, used 134144K [0x00000000e0000000, 0x0000000100000000)
  region size 1024K, 54 young (55296K), 5 survivors (5120K)
 Metaspace       used 93704K, committed 94336K, reserved 1179648K
  class space    used 11883K, committed 12160K, reserved 1048576K
}
Event: 11.728 GC heap after
{Heap after GC invocations=47 (full 0):
 garbage-first heap   total 158720K, used 96768K [0x00000000e0000000, 0x0000000100000000)
  region size 1024K, 7 young (7168K), 7 survivors (7168K)
 Metaspace       used 93704K, committed 94336K, reserved 1179648K
  class space    used 11883K, committed 12160K, reserved 1048576K
}
Event: 11.775 GC heap before
{Heap before GC invocations=47 (full 0):
 garbage-first heap   total 158720K, used 135680K [0x00000000e0000000, 0x0000000100000000)
  region size 1024K, 45 young (46080K), 7 survivors (7168K)
 Metaspace       used 93708K, committed 94336K, reserved 1179648K
  class space    used 11885K, committed 12160K, reserved 1048576K
}
Event: 11.789 GC heap after
{Heap after GC invocations=48 (full 0):
 garbage-first heap   total 158720K, used 112128K [0x00000000e0000000, 0x0000000100000000)
  region size 1024K, 6 young (6144K), 6 survivors (6144K)
 Metaspace       used 93708K, committed 94336K, reserved 1179648K
  class space    used 11885K, committed 12160K, reserved 1048576K
}
Event: 11.817 GC heap before
{Heap before GC invocations=48 (full 0):
 garbage-first heap   total 158720K, used 139776K [0x00000000e0000000, 0x0000000100000000)
  region size 1024K, 32 young (32768K), 6 survivors (6144K)
 Metaspace       used 93708K, committed 94336K, reserved 1179648K
  class space    used 11885K, committed 12160K, reserved 1048576K
}

