# JRE version: Java(TM) SE Runtime Environment (21.0.10+8) (build 21.0.10+8-LTS-217)
# Java VM: Java HotSpot(TM) 64-Bit Server VM (21.0.10+8-LTS-217, mixed mode, sharing, tiered, compressed oops, compressed class ptrs, g1 gc, windows-amd64)
GC Precious Log:
 CardTable entry size: 512
 Card Set container configuration: InlinePtr #cards 5 size 8 Array Of Cards #cards 12 size 40 Howl #buckets 4 coarsen threshold 1843 Howl Bitmap #cards 512 size 80 coarsen threshold 460 Card regions per heap region 1 cards per card region 2048
 CPUs: 16 total, 16 available
 Memory: 16044M
 Large Page Support: Disabled
 NUMA Support: Disabled
 Compressed Oops: Enabled (32-bit)
 Heap Region Size: 1M
 Heap Min Capacity: 64M
 Heap Initial Capacity: 64M
 Heap Max Capacity: 512M
 Pre-touch: Disabled
 Parallel Workers: 13
 Concurrent Workers: 3
 Concurrent Refinement Workers: 13
 Periodic GC: Disabled
Heap:
 garbage-first heap   total 270336K, used 165376K [0x00000000e0000000, 0x0000000100000000)
  region size 1024K, 8 young (8192K), 8 survivors (8192K)
 Metaspace       used 93823K, committed 94464K, reserved 1179648K
  class space    used 11921K, committed 12224K, reserved 1048576K
GC Heap History (20 events):
Event: 10.963 GC heap after
{Heap after GC invocations=46 (full 0):
 garbage-first heap   total 119808K, used 67204K [0x00000000e0000000, 0x0000000100000000)
  region size 1024K, 2 young (2048K), 2 survivors (2048K)
 Metaspace       used 86321K, committed 86976K, reserved 1179648K
  class space    used 10951K, committed 11264K, reserved 1048576K
}
Event: 11.460 GC heap before
{Heap before GC invocations=46 (full 0):
 garbage-first heap   total 119808K, used 110212K [0x00000000e0000000, 0x0000000100000000)
  region size 1024K, 44 young (45056K), 2 survivors (2048K)
 Metaspace       used 92355K, committed 92992K, reserved 1179648K
  class space    used 11739K, committed 12032K, reserved 1048576K
}
Event: 11.466 GC heap after
{Heap after GC invocations=47 (full 0):
 garbage-first heap   total 119808K, used 69433K [0x00000000e0000000, 0x0000000100000000)
  region size 1024K, 5 young (5120K), 5 survivors (5120K)
 Metaspace       used 92355K, committed 92992K, reserved 1179648K
  class space    used 11739K, committed 12032K, reserved 1048576K
}
Event: 11.634 GC heap before
{Heap before GC invocations=48 (full 0):
 garbage-first heap   total 119808K, used 106297K [0x00000000e0000000, 0x0000000100000000)
  region size 1024K, 41 young (41984K), 5 survivors (5120K)
 Metaspace       used 93760K, committed 94336K, reserved 1179648K
  class space    used 11911K, committed 12160K, reserved 1048576K
}
Event: 11.642 GC heap after
{Heap after GC invocations=49 (full 0):
 garbage-first heap   total 119808K, used 72923K [0x00000000e0000000, 0x0000000100000000)
  region size 1024K, 6 young (6144K), 6 survivors (6144K)
 Metaspace       used 93760K, committed 94336K, reserved 1179648K
  class space    used 11911K, committed 12160K, reserved 1048576K
}
Event: 11.670 GC heap before
{Heap before GC invocations=49 (full 0):
 garbage-first heap   total 119808K, used 105691K [0x00000000e0000000, 0x0000000100000000)
  region size 1024K, 38 young (38912K), 6 survivors (6144K)
 Metaspace       used 93769K, committed 94336K, reserved 1179648K
  class space    used 11911K, committed 12160K, reserved 1048576K
}
Event: 11.691 GC heap after
{Heap after GC invocations=50 (full 0):
 garbage-first heap   total 125952K, used 84992K [0x00000000e0000000, 0x0000000100000000)
  region size 1024K, 5 young (5120K), 5 survivors (5120K)
 Metaspace       used 93769K, committed 94336K, reserved 1179648K
  class space    used 11911K, committed 12160K, reserved 1048576K
}
Event: 11.722 GC heap before
{Heap before GC invocations=50 (full 0):
 garbage-first heap   total 125952K, used 110592K [0x00000000e0000000, 0x0000000100000000)
  region size 1024K, 30 young (30720K), 5 survivors (5120K)
 Metaspace       used 93815K, committed 94464K, reserved 1179648K
  class space    used 11921K, committed 12224K, reserved 1048576K
}
Event: 11.734 GC heap after
{Heap after GC invocations=51 (full 0):
 garbage-first heap   total 205824K, used 93184K [0x00000000e0000000, 0x0000000100000000)
  region size 1024K, 4 young (4096K), 4 survivors (4096K)
 Metaspace       used 93815K, committed 94464K, reserved 1179648K
  class space    used 11921K, committed 12224K, reserved 1048576K
}
Event: 11.822 GC heap before
{Heap before GC invocations=52 (full 0):
 garbage-first heap   total 205824K, used 163840K [0x00000000e0000000, 0x0000000100000000)
  region size 1024K, 72 young (73728K), 4 survivors (4096K)
 Metaspace       used 93815K, committed 94464K, reserved 1179648K
  class space    used 11921K, committed 12224K, reserved 1048576K
}
Event: 11.836 GC heap after
{Heap after GC invocations=53 (full 0):
 garbage-first heap   total 205824K, used 116224K [0x00000000e0000000, 0x0000000100000000)
  region size 1024K, 9 young (9216K), 9 survivors (9216K)
 Metaspace       used 93815K, committed 94464K, reserved 1179648K
  class space    used 11921K, committed 12224K, reserved 1048576K
}
Event: 11.884 GC heap before
{Heap before GC invocations=53 (full 0):
 garbage-first heap   total 205824K, used 165376K [0x00000000e0000000, 0x0000000100000000)
  region size 1024K, 57 young (58368K), 9 survivors (9216K)
 Metaspace       used 93817K, committed 94464K, reserved 1179648K
  class space    used 11921K, committed 12224K, reserved 1048576K
}
Event: 11.897 GC heap after
{Heap after GC invocations=54 (full 0):
 garbage-first heap   total 205824K, used 127744K [0x00000000e0000000, 0x0000000100000000)
  region size 1024K, 8 young (8192K), 8 survivors (8192K)
 Metaspace       used 93817K, committed 94464K, reserved 1179648K
  class space    used 11921K, committed 12224K, reserved 1048576K
}
Event: 11.942 GC heap before
{Heap before GC invocations=54 (full 0):
 garbage-first heap   total 205824K, used 171776K [0x00000000e0000000, 0x0000000100000000)
  region size 1024K, 51 young (52224K), 8 survivors (8192K)
 Metaspace       used 93823K, committed 94464K, reserved 1179648K
  class space    used 11921K, committed 12224K, reserved 1048576K
}
Event: 11.952 GC heap after
{Heap after GC invocations=55 (full 0):
 garbage-first heap   total 205824K, used 138240K [0x00000000e0000000, 0x0000000100000000)
  region size 1024K, 7 young (7168K), 7 survivors (7168K)
 Metaspace       used 93823K, committed 94464K, reserved 1179648K
  class space    used 11921K, committed 12224K, reserved 1048576K
}
Event: 11.992 GC heap before
{Heap before GC invocations=55 (full 0):
 garbage-first heap   total 270336K, used 164864K [0x00000000e0000000, 0x0000000100000000)
  region size 1024K, 45 young (46080K), 7 survivors (7168K)
 Metaspace       used 93823K, committed 94464K, reserved 1179648K
  class space    used 11921K, committed 12224K, reserved 1048576K
}
Event: 12.002 GC heap after
{Heap after GC invocations=56 (full 0):
 garbage-first heap   total 270336K, used 142848K [0x00000000e0000000, 0x0000000100000000)
  region size 1024K, 6 young (6144K), 6 survivors (6144K)
 Metaspace       used 93823K, committed 94464K, reserved 1179648K
  class space    used 11921K, committed 12224K, reserved 1048576K
}
Event: 12.081 GC heap before
{Heap before GC invocations=57 (full 0):
 garbage-first heap   total 270336K, used 212480K [0x00000000e0000000, 0x0000000100000000)
  region size 1024K, 71 young (72704K), 6 survivors (6144K)
 Metaspace       used 93823K, committed 94464K, reserved 1179648K
  class space    used 11921K, committed 12224K, reserved 1048576K
}
Event: 12.094 GC heap after
{Heap after GC invocations=58 (full 0):
 garbage-first heap   total 270336K, used 172544K [0x00000000e0000000, 0x0000000100000000)
  region size 1024K, 9 young (9216K), 9 survivors (9216K)
 Metaspace       used 93823K, committed 94464K, reserved 1179648K
  class space    used 11921K, committed 12224K, reserved 1048576K
}
Event: 12.133 GC heap before
{Heap before GC invocations=58 (full 0):
 garbage-first heap   total 270336K, used 223744K [0x00000000e0000000, 0x0000000100000000)
  region size 1024K, 59 young (60416K), 9 survivors (9216K)
 Metaspace       used 93823K, committed 94464K, reserved 1179648K
  class space    used 11921K, committed 12224K, reserved 1048576K
}

