# JRE version: Java(TM) SE Runtime Environment (21.0.10+8) (build 21.0.10+8-LTS-217)
# Java VM: Java HotSpot(TM) 64-Bit Server VM (21.0.10+8-LTS-217, mixed mode, sharing, tiered, compressed oops, compressed class ptrs, g1 gc, windows-amd64)
GC Precious Log:
 CardTable entry size: 512
 Card Set container configuration: InlinePtr #cards 4 size 8 Array Of Cards #cards 16 size 48 Howl #buckets 8 coarsen threshold 3686 Howl Bitmap #cards 512 size 80 coarsen threshold 460 Card regions per heap region 1 cards per card region 4096
 CPUs: 16 total, 16 available
 Memory: 16044M
 Large Page Support: Disabled
 NUMA Support: Disabled
 Compressed Oops: Enabled (Zero based)
 Heap Region Size: 2M
 Heap Min Capacity: 8M
 Heap Initial Capacity: 252M
 Heap Max Capacity: 4012M
 Pre-touch: Disabled
 Parallel Workers: 13
 Concurrent Workers: 3
 Concurrent Refinement Workers: 13
 Periodic GC: Disabled
Heap:
 garbage-first heap   total 380928K, used 230196K [0x0000000705400000, 0x0000000800000000)
  region size 2048K, 7 young (14336K), 7 survivors (14336K)
 Metaspace       used 39229K, committed 39680K, reserved 1114112K
  class space    used 4313K, committed 4544K, reserved 1048576K
GC Heap History (20 events):
Event: 4.446 GC heap after
{Heap after GC invocations=11 (full 0):
 garbage-first heap   total 114688K, used 20675K [0x0000000705400000, 0x0000000800000000)
  region size 2048K, 2 young (4096K), 2 survivors (4096K)
 Metaspace       used 26073K, committed 26432K, reserved 1114112K
  class space    used 2941K, committed 3136K, reserved 1048576K
}
Event: 5.274 GC heap before
{Heap before GC invocations=11 (full 0):
 garbage-first heap   total 114688K, used 90307K [0x0000000705400000, 0x0000000800000000)
  region size 2048K, 21 young (43008K), 2 survivors (4096K)
 Metaspace       used 28792K, committed 29120K, reserved 1114112K
  class space    used 3242K, committed 3392K, reserved 1048576K
}
Event: 5.282 GC heap after
{Heap after GC invocations=12 (full 0):
 garbage-first heap   total 114688K, used 22125K [0x0000000705400000, 0x0000000800000000)
  region size 2048K, 3 young (6144K), 3 survivors (6144K)
 Metaspace       used 28792K, committed 29120K, reserved 1114112K
  class space    used 3242K, committed 3392K, reserved 1048576K
}
Event: 5.992 GC heap before
{Heap before GC invocations=12 (full 0):
 garbage-first heap   total 114688K, used 101997K [0x0000000705400000, 0x0000000800000000)
  region size 2048K, 33 young (67584K), 3 survivors (6144K)
 Metaspace       used 34402K, committed 34688K, reserved 1114112K
  class space    used 3868K, committed 3968K, reserved 1048576K
}
Event: 6.027 GC heap after
{Heap after GC invocations=13 (full 0):
 garbage-first heap   total 126976K, used 58376K [0x0000000705400000, 0x0000000800000000)
  region size 2048K, 5 young (10240K), 5 survivors (10240K)
 Metaspace       used 34402K, committed 34688K, reserved 1114112K
  class space    used 3868K, committed 3968K, reserved 1048576K
}
Event: 6.045 GC heap before
{Heap before GC invocations=13 (full 0):
 garbage-first heap   total 126976K, used 66568K [0x0000000705400000, 0x0000000800000000)
  region size 2048K, 6 young (12288K), 5 survivors (10240K)
 Metaspace       used 34419K, committed 34752K, reserved 1114112K
  class space    used 3872K, committed 4032K, reserved 1048576K
}
Event: 6.061 GC heap after
{Heap after GC invocations=14 (full 0):
 garbage-first heap   total 380928K, used 67129K [0x0000000705400000, 0x0000000800000000)
  region size 2048K, 1 young (2048K), 1 survivors (2048K)
 Metaspace       used 34419K, committed 34752K, reserved 1114112K
  class space    used 3872K, committed 4032K, reserved 1048576K
}
Event: 7.336 GC heap before
{Heap before GC invocations=14 (full 0):
 garbage-first heap   total 380928K, used 261689K [0x0000000705400000, 0x0000000800000000)
  region size 2048K, 93 young (190464K), 1 survivors (2048K)
 Metaspace       used 35745K, committed 36096K, reserved 1114112K
  class space    used 3978K, committed 4160K, reserved 1048576K
}
Event: 7.354 GC heap after
{Heap after GC invocations=15 (full 0):
 garbage-first heap   total 380928K, used 113623K [0x0000000705400000, 0x0000000800000000)
  region size 2048K, 14 young (28672K), 14 survivors (28672K)
 Metaspace       used 35745K, committed 36096K, reserved 1114112K
  class space    used 3978K, committed 4160K, reserved 1048576K
}
Event: 8.685 GC heap before
{Heap before GC invocations=16 (full 0):
 garbage-first heap   total 368640K, used 250839K [0x0000000705400000, 0x0000000800000000)
  region size 2048K, 84 young (172032K), 14 survivors (28672K)
 Metaspace       used 38324K, committed 38784K, reserved 1114112K
  class space    used 4215K, committed 4416K, reserved 1048576K
}
Event: 8.696 GC heap after
{Heap after GC invocations=17 (full 0):
 garbage-first heap   total 368640K, used 119505K [0x0000000705400000, 0x0000000800000000)
  region size 2048K, 6 young (12288K), 6 survivors (12288K)
 Metaspace       used 38324K, committed 38784K, reserved 1114112K
  class space    used 4215K, committed 4416K, reserved 1048576K
}
Event: 9.114 GC heap before
{Heap before GC invocations=17 (full 0):
 garbage-first heap   total 368640K, used 305873K [0x0000000705400000, 0x0000000800000000)
  region size 2048K, 79 young (161792K), 6 survivors (12288K)
 Metaspace       used 38477K, committed 38848K, reserved 1114112K
  class space    used 4225K, committed 4416K, reserved 1048576K
}
Event: 9.132 GC heap after
{Heap after GC invocations=18 (full 0):
 garbage-first heap   total 368640K, used 177266K [0x0000000705400000, 0x0000000800000000)
  region size 2048K, 10 young (20480K), 10 survivors (20480K)
 Metaspace       used 38477K, committed 38848K, reserved 1114112K
  class space    used 4225K, committed 4416K, reserved 1048576K
}
Event: 9.164 GC heap before
{Heap before GC invocations=18 (full 0):
 garbage-first heap   total 368640K, used 195698K [0x0000000705400000, 0x0000000800000000)
  region size 2048K, 17 young (34816K), 10 survivors (20480K)
 Metaspace       used 38477K, committed 38848K, reserved 1114112K
  class space    used 4225K, committed 4416K, reserved 1048576K
}
Event: 9.179 GC heap after
{Heap after GC invocations=19 (full 0):
 garbage-first heap   total 368640K, used 192133K [0x0000000705400000, 0x0000000800000000)
  region size 2048K, 3 young (6144K), 3 survivors (6144K)
 Metaspace       used 38477K, committed 38848K, reserved 1114112K
  class space    used 4225K, committed 4416K, reserved 1048576K
}
Event: 9.452 GC heap before
{Heap before GC invocations=20 (full 0):
 garbage-first heap   total 368640K, used 304773K [0x0000000705400000, 0x0000000800000000)
  region size 2048K, 53 young (108544K), 3 survivors (6144K)
 Metaspace       used 38565K, committed 38976K, reserved 1114112K
  class space    used 4237K, committed 4416K, reserved 1048576K
}
Event: 9.463 GC heap after
{Heap after GC invocations=21 (full 0):
 garbage-first heap   total 368640K, used 217088K [0x0000000705400000, 0x0000000800000000)
  region size 2048K, 7 young (14336K), 7 survivors (14336K)
 Metaspace       used 38565K, committed 38976K, reserved 1114112K
  class space    used 4237K, committed 4416K, reserved 1048576K
}
Event: 9.960 GC heap before
{Heap before GC invocations=21 (full 0):
 garbage-first heap   total 368640K, used 309248K [0x0000000705400000, 0x0000000800000000)
  region size 2048K, 52 young (106496K), 7 survivors (14336K)
 Metaspace       used 39220K, committed 39680K, reserved 1114112K
  class space    used 4312K, committed 4544K, reserved 1048576K
}
Event: 9.971 GC heap after
{Heap after GC invocations=22 (full 0):
 garbage-first heap   total 368640K, used 223088K [0x0000000705400000, 0x0000000800000000)
  region size 2048K, 3 young (6144K), 3 survivors (6144K)
 Metaspace       used 39220K, committed 39680K, reserved 1114112K
  class space    used 4312K, committed 4544K, reserved 1048576K
}
Event: 10.139 GC heap before
{Heap before GC invocations=22 (full 0):
 garbage-first heap   total 368640K, used 290672K [0x0000000705400000, 0x0000000800000000)
  region size 2048K, 37 young (75776K), 3 survivors (6144K)
 Metaspace       used 39229K, committed 39680K, reserved 1114112K
  class space    used 4313K, committed 4544K, reserved 1048576K
}

