# JRE version: OpenJDK Runtime Environment Temurin-21.0.10+7 (21.0.10+7) (build 21.0.10+7-LTS)
# Java VM: OpenJDK 64-Bit Server VM Temurin-21.0.10+7 (21.0.10+7-LTS, mixed mode, sharing, tiered, compressed oops, compressed class ptrs, g1 gc, windows-amd64)
GC Precious Log:
 CardTable entry size: 512
 Card Set container configuration: InlinePtr #cards 4 size 8 Array Of Cards #cards 16 size 48 Howl #buckets 8 coarsen threshold 3686 Howl Bitmap #cards 512 size 80 coarsen threshold 460 Card regions per heap region 1 cards per card region 4096
 CPUs: 16 total, 16 available
 Memory: 16044M
 Large Page Support: Disabled
 NUMA Support: Disabled
 Compressed Oops: Enabled (Zero based)
 Heap Region Size: 2M
 Heap Min Capacity: 8M
 Heap Initial Capacity: 252M
 Heap Max Capacity: 4012M
 Pre-touch: Disabled
 Parallel Workers: 13
 Concurrent Workers: 3
 Concurrent Refinement Workers: 13
 Periodic GC: Disabled
Heap:
 garbage-first heap   total 690176K, used 367797K [0x0000000705400000, 0x0000000800000000)
  region size 2048K, 4 young (8192K), 4 survivors (8192K)
 Metaspace       used 32117K, committed 32704K, reserved 1114112K
  class space    used 3515K, committed 3776K, reserved 1048576K
GC Heap History (20 events):
Event: 7.605 GC heap after
{Heap after GC invocations=21 (full 0):
 garbage-first heap   total 475136K, used 227681K [0x0000000705400000, 0x0000000800000000)
  region size 2048K, 12 young (24576K), 12 survivors (24576K)
 Metaspace       used 31592K, committed 32128K, reserved 1114112K
  class space    used 3480K, committed 3712K, reserved 1048576K
}
Event: 7.690 GC heap before
{Heap before GC invocations=21 (full 0):
 garbage-first heap   total 475136K, used 299361K [0x0000000705400000, 0x0000000800000000)
  region size 2048K, 39 young (79872K), 12 survivors (24576K)
 Metaspace       used 31595K, committed 32192K, reserved 1114112K
  class space    used 3481K, committed 3776K, reserved 1048576K
}
Event: 7.702 GC heap after
{Heap after GC invocations=22 (full 0):
 garbage-first heap   total 475136K, used 261587K [0x0000000705400000, 0x0000000800000000)
  region size 2048K, 8 young (16384K), 8 survivors (16384K)
 Metaspace       used 31595K, committed 32192K, reserved 1114112K
  class space    used 3481K, committed 3776K, reserved 1048576K
}
Event: 7.979 GC heap before
{Heap before GC invocations=23 (full 0):
 garbage-first heap   total 475136K, used 361939K [0x0000000705400000, 0x0000000800000000)
  region size 2048K, 81 young (165888K), 8 survivors (16384K)
 Metaspace       used 31686K, committed 32256K, reserved 1114112K
  class space    used 3483K, committed 3776K, reserved 1048576K
}
Event: 7.992 GC heap after
{Heap after GC invocations=24 (full 0):
 garbage-first heap   total 475136K, used 228017K [0x0000000705400000, 0x0000000800000000)
  region size 2048K, 7 young (14336K), 7 survivors (14336K)
 Metaspace       used 31686K, committed 32256K, reserved 1114112K
  class space    used 3483K, committed 3776K, reserved 1048576K
}
Event: 8.282 GC heap before
{Heap before GC invocations=24 (full 0):
 garbage-first heap   total 475136K, used 416433K [0x0000000705400000, 0x0000000800000000)
  region size 2048K, 92 young (188416K), 7 survivors (14336K)
 Metaspace       used 31899K, committed 32512K, reserved 1114112K
  class space    used 3504K, committed 3776K, reserved 1048576K
}
Event: 8.297 GC heap after
{Heap after GC invocations=25 (full 0):
 garbage-first heap   total 475136K, used 250103K [0x0000000705400000, 0x0000000800000000)
  region size 2048K, 8 young (16384K), 8 survivors (16384K)
 Metaspace       used 31899K, committed 32512K, reserved 1114112K
  class space    used 3504K, committed 3776K, reserved 1048576K
}
Event: 8.459 GC heap before
{Heap before GC invocations=25 (full 0):
 garbage-first heap   total 475136K, used 415991K [0x0000000705400000, 0x0000000800000000)
  region size 2048K, 89 young (182272K), 8 survivors (16384K)
 Metaspace       used 31925K, committed 32512K, reserved 1114112K
  class space    used 3505K, committed 3776K, reserved 1048576K
}
Event: 8.494 GC heap after
{Heap after GC invocations=26 (full 0):
 garbage-first heap   total 684032K, used 259738K [0x0000000705400000, 0x0000000800000000)
  region size 2048K, 5 young (10240K), 5 survivors (10240K)
 Metaspace       used 31925K, committed 32512K, reserved 1114112K
  class space    used 3505K, committed 3776K, reserved 1048576K
}
Event: 8.896 GC heap before
{Heap before GC invocations=27 (full 0):
 garbage-first heap   total 684032K, used 525978K [0x0000000705400000, 0x0000000800000000)
  region size 2048K, 157 young (321536K), 5 survivors (10240K)
 Metaspace       used 31982K, committed 32576K, reserved 1114112K
  class space    used 3507K, committed 3776K, reserved 1048576K
}
Event: 8.914 GC heap after
{Heap after GC invocations=28 (full 0):
 garbage-first heap   total 684032K, used 231216K [0x0000000705400000, 0x0000000800000000)
  region size 2048K, 13 young (26624K), 13 survivors (26624K)
 Metaspace       used 31982K, committed 32576K, reserved 1114112K
  class space    used 3507K, committed 3776K, reserved 1048576K
}
Event: 9.287 GC heap before
{Heap before GC invocations=28 (full 0):
 garbage-first heap   total 684032K, used 610096K [0x0000000705400000, 0x0000000800000000)
  region size 2048K, 187 young (382976K), 13 survivors (26624K)
 Metaspace       used 32046K, committed 32640K, reserved 1114112K
  class space    used 3510K, committed 3776K, reserved 1048576K
}
Event: 9.313 GC heap after
{Heap after GC invocations=29 (full 0):
 garbage-first heap   total 684032K, used 275271K [0x0000000705400000, 0x0000000800000000)
  region size 2048K, 24 young (49152K), 24 survivors (49152K)
 Metaspace       used 32046K, committed 32640K, reserved 1114112K
  class space    used 3510K, committed 3776K, reserved 1048576K
}
Event: 9.317 GC heap before
{Heap before GC invocations=29 (full 0):
 garbage-first heap   total 684032K, used 277319K [0x0000000705400000, 0x0000000800000000)
  region size 2048K, 26 young (53248K), 24 survivors (49152K)
 Metaspace       used 32046K, committed 32640K, reserved 1114112K
  class space    used 3510K, committed 3776K, reserved 1048576K
}
Event: 9.332 GC heap after
{Heap after GC invocations=30 (full 0):
 garbage-first heap   total 684032K, used 281170K [0x0000000705400000, 0x0000000800000000)
  region size 2048K, 4 young (8192K), 4 survivors (8192K)
 Metaspace       used 32046K, committed 32640K, reserved 1114112K
  class space    used 3510K, committed 3776K, reserved 1048576K
}
Event: 9.670 GC heap before
{Heap before GC invocations=31 (full 0):
 garbage-first heap   total 684032K, used 596562K [0x0000000705400000, 0x0000000800000000)
  region size 2048K, 150 young (307200K), 4 survivors (8192K)
 Metaspace       used 32051K, committed 32640K, reserved 1114112K
  class space    used 3510K, committed 3776K, reserved 1048576K
}
Event: 9.684 GC heap after
{Heap after GC invocations=32 (full 0):
 garbage-first heap   total 684032K, used 319283K [0x0000000705400000, 0x0000000800000000)
  region size 2048K, 14 young (28672K), 14 survivors (28672K)
 Metaspace       used 32051K, committed 32640K, reserved 1114112K
  class space    used 3510K, committed 3776K, reserved 1048576K
}
Event: 10.043 GC heap before
{Heap before GC invocations=32 (full 0):
 garbage-first heap   total 684032K, used 630579K [0x0000000705400000, 0x0000000800000000)
  region size 2048K, 148 young (303104K), 14 survivors (28672K)
 Metaspace       used 32111K, committed 32704K, reserved 1114112K
  class space    used 3515K, committed 3776K, reserved 1048576K
}
Event: 10.064 GC heap after
{Heap after GC invocations=33 (full 0):
 garbage-first heap   total 690176K, used 366683K [0x0000000705400000, 0x0000000800000000)
  region size 2048K, 14 young (28672K), 14 survivors (28672K)
 Metaspace       used 32111K, committed 32704K, reserved 1114112K
  class space    used 3515K, committed 3776K, reserved 1048576K
}
Event: 10.353 GC heap before
{Heap before GC invocations=33 (full 0):
 garbage-first heap   total 690176K, used 604251K [0x0000000705400000, 0x0000000800000000)
  region size 2048K, 130 young (266240K), 14 survivors (28672K)
 Metaspace       used 32117K, committed 32704K, reserved 1114112K
  class space    used 3515K, committed 3776K, reserved 1048576K
}

